{"total": {"lines":{"total":103,"covered":48,"skipped":0,"pct":46.6},"statements":{"total":124,"covered":54,"skipped":0,"pct":43.54},"functions":{"total":41,"covered":10,"skipped":0,"pct":24.39},"branches":{"total":13,"covered":3,"skipped":0,"pct":23.07},"branchesTrue":{"total":0,"covered":0,"skipped":0,"pct":100}}
,"/home/runner/work/Stock.Indicators/Stock.Indicators/docs/src/app/app.component.ts": {"lines":{"total":4,"covered":4,"skipped":0,"pct":100},"functions":{"total":1,"covered":1,"skipped":0,"pct":100},"statements":{"total":6,"covered":6,"skipped":0,"pct":100},"branches":{"total":0,"covered":0,"skipped":0,"pct":100}}
,"/home/runner/work/Stock.Indicators/Stock.Indicators/docs/src/app/app.config.ts": {"lines":{"total":5,"covered":0,"skipped":0,"pct":0},"functions":{"total":0,"covered":0,"skipped":0,"pct":100},"statements":{"total":5,"covered":0,"skipped":0,"pct":0},"branches":{"total":0,"covered":0,"skipped":0,"pct":100}}
,"/home/runner/work/Stock.Indicators/Stock.Indicators/docs/src/app/app.routes.ts": {"lines":{"total":6,"covered":0,"skipped":0,"pct":0},"functions":{"total":15,"covered":0,"skipped":0,"pct":0},"statements":{"total":16,"covered":0,"skipped":0,"pct":0},"branches":{"total":0,"covered":0,"skipped":0,"pct":100}}
,"/home/runner/work/Stock.Indicators/Stock.Indicators/docs/src/app/docs/docs.component.ts": {"lines":{"total":51,"covered":24,"skipped":0,"pct":47.05},"functions":{"total":11,"covered":4,"skipped":0,"pct":36.36},"statements":{"total":54,"covered":26,"skipped":0,"pct":48.14},"branches":{"total":11,"covered":2,"skipped":0,"pct":18.18}}
,"/home/runner/work/Stock.Indicators/Stock.Indicators/docs/src/app/not-found/not-found.component.ts": {"lines":{"total":5,"covered":0,"skipped":0,"pct":0},"functions":{"total":2,"covered":0,"skipped":0,"pct":0},"statements":{"total":7,"covered":0,"skipped":0,"pct":0},"branches":{"total":0,"covered":0,"skipped":0,"pct":100}}
,"/home/runner/work/Stock.Indicators/Stock.Indicators/docs/src/app/services/indicator-data.service.ts": {"lines":{"total":9,"covered":0,"skipped":0,"pct":0},"functions":{"total":5,"covered":0,"skipped":0,"pct":0},"statements":{"total":11,"covered":0,"skipped":0,"pct":0},"branches":{"total":0,"covered":0,"skipped":0,"pct":100}}
,"/home/runner/work/Stock.Indicators/Stock.Indicators/docs/src/app/services/markdown.service.ts": {"lines":{"total":23,"covered":20,"skipped":0,"pct":86.95},"functions":{"total":7,"covered":5,"skipped":0,"pct":71.42},"statements":{"total":25,"covered":22,"skipped":0,"pct":88},"branches":{"total":2,"covered":1,"skipped":0,"pct":50}}
}
